<?xml version="1.0" encoding="UTF-8"?>
<!-- Generated by org.testng.reporters.JUnitReportReporter -->
<testsuite hostname="OSIYA" failures="0" tests="2" name="test_Classes.LoginPage_TestClass" time="4.558" errors="0" timestamp="2023-03-10T08:31:53 IST" skipped="0">
  <testcase classname="test_Classes.LoginPage_TestClass" name="VerifyLoginPageWithInvalidDetails" time="2.429"/>
  <system-out/>
  <testcase classname="test_Classes.LoginPage_TestClass" name="VerifyLoginPageWithValidDetails" time="2.129"/>
  <system-out/>
</testsuite> <!-- test_Classes.LoginPage_TestClass -->
