<?xml version="1.0" encoding="UTF-8"?>
<!-- Generated by org.testng.reporters.JUnitReportReporter -->
<testsuite hostname="OSIYA" failures="0" tests="1" name="testPackage.AdminPage_TestClass" time="6.010" errors="0" timestamp="2023-03-23T11:23:51 IST" skipped="0">
  <testcase classname="testPackage.AdminPage_TestClass" name="sendDataInAdminPage" time="6.010"/>
  <system-out/>
</testsuite> <!-- testPackage.AdminPage_TestClass -->
