<?xml version="1.0" encoding="UTF-8"?>
<!-- Generated by org.testng.reporters.JUnitReportReporter -->
<testsuite hostname="OSIYA" failures="0" tests="1" name="testPackage.DashboardPage_TestClass" time="3.067" errors="0" timestamp="2023-03-23T11:23:51 IST" skipped="0">
  <testcase classname="testPackage.DashboardPage_TestClass" name="verifyTabsPresentOnDashboardPage" time="3.067"/>
  <system-out/>
</testsuite> <!-- testPackage.DashboardPage_TestClass -->
